0 info it worked if it ends with ok
1 verbose cli [ '/Users/peter/.nvm/versions/node/v5.4.0/bin/node',
1 verbose cli   '/Users/peter/.nvm/versions/node/v5.4.0/bin/npm',
1 verbose cli   'run',
1 verbose cli   'build' ]
2 info using npm@3.3.12
3 info using node@v5.4.0
4 verbose stack Error: ENOENT: no such file or directory, open '/Users/peter/Desktop/dj-stuff/digicity/package.json'
4 verbose stack     at Error (native)
5 verbose cwd /Users/peter/Desktop/dj-stuff/digicity
6 error Darwin 15.5.0
7 error argv "/Users/peter/.nvm/versions/node/v5.4.0/bin/node" "/Users/peter/.nvm/versions/node/v5.4.0/bin/npm" "run" "build"
8 error node v5.4.0
9 error npm  v3.3.12
10 error path /Users/peter/Desktop/dj-stuff/digicity/package.json
11 error code ENOENT
12 error errno -2
13 error syscall open
14 error enoent ENOENT: no such file or directory, open '/Users/peter/Desktop/dj-stuff/digicity/package.json'
14 error enoent This is most likely not a problem with npm itself
14 error enoent and is related to npm not being able to find a file.
15 verbose exit [ -2, true ]
